<?xml version="1.0" encoding="UTF-8"?>
<!-- Generated by org.testng.reporters.JUnitReportReporter -->
<testsuite skipped="0" hostname="DESKTOP-LPS19S5" name="test.LoginTest" tests="1" failures="0" timestamp="15 Jun 2021 23:57:46 GMT" time="5.601" errors="0">
  <testcase name="validUserShouldBeAbleToLogin" time="5.601" classname="test.LoginTest"/>
</testsuite> <!-- test.LoginTest -->
